{"numFailedTestSuites":1,"numFailedTests":1,"numPassedTestSuites":11,"numPassedTests":388,"numPendingTestSuites":0,"numPendingTests":1,"numRuntimeErrorTestSuites":0,"numTodoTests":0,"numTotalTestSuites":12,"numTotalTests":390,"openHandles":[],"snapshot":{"added":0,"didUpdate":false,"failure":false,"filesAdded":0,"filesRemoved":0,"filesRemovedList":[],"filesUnmatched":0,"filesUpdated":0,"matched":0,"total":0,"unchecked":0,"uncheckedKeysByFile":[],"unmatched":0,"updated":0},"startTime":1751860290325,"success":false,"testResults":[{"assertionResults":[{"ancestorTitles":["Spinner","Rendering"],"duration":40,"failureDetails":[],"failureMessages":[],"fullName":"Spinner Rendering renders with default props","invocations":1,"location":null,"numPassingAsserts":1,"retryReasons":[],"status":"passed","title":"renders with default props"},{"ancestorTitles":["Spinner","Rendering"],"duration":5,"failureDetails":[],"failureMessages":[],"fullName":"Spinner Rendering renders as svg element","invocations":1,"location":null,"numPassingAsserts":1,"retryReasons":[],"status":"passed","title":"renders as svg element"},{"ancestorTitles":["Spinner","Rendering"],"duration":16,"failureDetails":[],"failureMessages":[],"fullName":"Spinner Rendering has proper base classes","invocations":1,"location":null,"numPassingAsserts":1,"retryReasons":[],"status":"passed","title":"has proper base classes"},{"ancestorTitles":["Spinner","Sizes"],"duration":7,"failureDetails":[],"failureMessages":[],"fullName":"Spinner Sizes renders small size","invocations":1,"location":null,"numPassingAsserts":1,"retryReasons":[],"status":"passed","title":"renders small size"},{"ancestorTitles":["Spinner","Sizes"],"duration":4,"failureDetails":[],"failureMessages":[],"fullName":"Spinner Sizes renders default size by default","invocations":1,"location":null,"numPassingAsserts":1,"retryReasons":[],"status":"passed","title":"renders default size by default"},{"ancestorTitles":["Spinner","Sizes"],"duration":6,"failureDetails":[],"failureMessages":[],"fullName":"Spinner Sizes renders large size","invocations":1,"location":null,"numPassingAsserts":1,"retryReasons":[],"status":"passed","title":"renders large size"},{"ancestorTitles":["Spinner","Sizes"],"duration":3,"failureDetails":[],"failureMessages":[],"fullName":"Spinner Sizes renders extra large size","invocations":1,"location":null,"numPassingAsserts":1,"retryReasons":[],"status":"passed","title":"renders extra large size"},{"ancestorTitles":["Spinner","Colors"],"duration":7,"failureDetails":[],"failureMessages":[],"fullName":"Spinner Colors renders with default color","invocations":1,"location":null,"numPassingAsserts":1,"retryReasons":[],"status":"passed","title":"renders with default color"},{"ancestorTitles":["Spinner","Colors"],"duration":13,"failureDetails":[],"failureMessages":[],"fullName":"Spinner Colors renders with primary color","invocations":1,"location":null,"numPassingAsserts":1,"retryReasons":[],"status":"passed","title":"renders with primary color"},{"ancestorTitles":["Spinner","Colors"],"duration":4,"failureDetails":[],"failureMessages":[],"fullName":"Spinner Colors renders with muted color","invocations":1,"location":null,"numPassingAsserts":1,"retryReasons":[],"status":"passed","title":"renders with muted color"},{"ancestorTitles":["Spinner","Colors"],"duration":6,"failureDetails":[],"failureMessages":[],"fullName":"Spinner Colors renders with white color","invocations":1,"location":null,"numPassingAsserts":1,"retryReasons":[],"status":"passed","title":"renders with white color"},{"ancestorTitles":["Spinner","Custom Styling"],"duration":5,"failureDetails":[],"failureMessages":[],"fullName":"Spinner Custom Styling applies custom className","invocations":1,"location":null,"numPassingAsserts":1,"retryReasons":[],"status":"passed","title":"applies custom className"},{"ancestorTitles":["Spinner","Custom Styling"],"duration":58,"failureDetails":[],"failureMessages":[],"fullName":"Spinner Custom Styling applies custom styles","invocations":1,"location":null,"numPassingAsserts":1,"retryReasons":[],"status":"passed","title":"applies custom styles"},{"ancestorTitles":["Spinner","Accessibility"],"duration":54,"failureDetails":[],"failureMessages":[],"fullName":"Spinner Accessibility has no accessibility violations","invocations":1,"location":null,"numPassingAsserts":1,"retryReasons":[],"status":"passed","title":"has no accessibility violations"},{"ancestorTitles":["Spinner","Accessibility"],"duration":5,"failureDetails":[],"failureMessages":[],"fullName":"Spinner Accessibility supports ARIA attributes for screen readers","invocations":1,"location":null,"numPassingAsserts":2,"retryReasons":[],"status":"passed","title":"supports ARIA attributes for screen readers"},{"ancestorTitles":["Spinner","Accessibility"],"duration":3,"failureDetails":[],"failureMessages":[],"fullName":"Spinner Accessibility supports custom ARIA label","invocations":1,"location":null,"numPassingAsserts":1,"retryReasons":[],"status":"passed","title":"supports custom ARIA label"},{"ancestorTitles":["Spinner","Accessibility"],"duration":2,"failureDetails":[],"failureMessages":[],"fullName":"Spinner Accessibility is hidden from screen readers when decorative","invocations":1,"location":null,"numPassingAsserts":1,"retryReasons":[],"status":"passed","title":"is hidden from screen readers when decorative"},{"ancestorTitles":["Spinner","Animation"],"duration":3,"failureDetails":[],"failureMessages":[],"fullName":"Spinner Animation has spin animation by default","invocations":1,"location":null,"numPassingAsserts":1,"retryReasons":[],"status":"passed","title":"has spin animation by default"},{"ancestorTitles":["Spinner","Animation"],"duration":4,"failureDetails":[],"failureMessages":[],"fullName":"Spinner Animation can disable animation","invocations":1,"location":null,"numPassingAsserts":1,"retryReasons":[],"status":"passed","title":"can disable animation"},{"ancestorTitles":["Spinner","SVG Properties"],"duration":3,"failureDetails":[],"failureMessages":[],"fullName":"Spinner SVG Properties has proper SVG attributes","invocations":1,"location":null,"numPassingAsserts":2,"retryReasons":[],"status":"passed","title":"has proper SVG attributes"},{"ancestorTitles":["Spinner","SVG Properties"],"duration":10,"failureDetails":[],"failureMessages":[],"fullName":"Spinner SVG Properties has proper stroke attributes on circle","invocations":1,"location":null,"numPassingAsserts":1,"retryReasons":[],"status":"passed","title":"has proper stroke attributes on circle"},{"ancestorTitles":["Spinner","Loading States"],"duration":3,"failureDetails":[],"failureMessages":[],"fullName":"Spinner Loading States can be used in button loading state","invocations":1,"location":null,"numPassingAsserts":2,"retryReasons":[],"status":"passed","title":"can be used in button loading state"},{"ancestorTitles":["Spinner","Loading States"],"duration":2,"failureDetails":[],"failureMessages":[],"fullName":"Spinner Loading States can be used as page loader","invocations":1,"location":null,"numPassingAsserts":2,"retryReasons":[],"status":"passed","title":"can be used as page loader"},{"ancestorTitles":["Spinner","Edge Cases"],"duration":1,"failureDetails":[],"failureMessages":[],"fullName":"Spinner Edge Cases handles additional HTML attributes","invocations":1,"location":null,"numPassingAsserts":2,"retryReasons":[],"status":"passed","title":"handles additional HTML attributes"},{"ancestorTitles":["Spinner","Edge Cases"],"duration":2,"failureDetails":[],"failureMessages":[],"fullName":"Spinner Edge Cases maintains aspect ratio","invocations":1,"location":null,"numPassingAsserts":1,"retryReasons":[],"status":"passed","title":"maintains aspect ratio"},{"ancestorTitles":["Spinner","Performance"],"duration":4,"failureDetails":[],"failureMessages":[],"fullName":"Spinner Performance does not re-render unnecessarily","invocations":1,"location":null,"numPassingAsserts":1,"retryReasons":[],"status":"passed","title":"does not re-render unnecessarily"},{"ancestorTitles":["Spinner","Integration"],"duration":2,"failureDetails":[],"failureMessages":[],"fullName":"Spinner Integration works with different backgrounds","invocations":1,"location":null,"numPassingAsserts":1,"retryReasons":[],"status":"passed","title":"works with different backgrounds"},{"ancestorTitles":["Spinner","Integration"],"duration":1,"failureDetails":[],"failureMessages":[],"fullName":"Spinner Integration works with theme context","invocations":1,"location":null,"numPassingAsserts":1,"retryReasons":[],"status":"passed","title":"works with theme context"}],"endTime":1751860292894,"message":"","name":"/Users/abhay/Documents/workspace/next-js/next-saas/packages/ui/src/atoms/spinners/Spinner.test.tsx","startTime":1751860291519,"status":"passed","summary":""},{"assertionResults":[{"ancestorTitles":["Heading","Rendering"],"duration":52,"failureDetails":[],"failureMessages":[],"fullName":"Heading Rendering renders with default props","invocations":1,"location":null,"numPassingAsserts":1,"retryReasons":[],"status":"passed","title":"renders with default props"},{"ancestorTitles":["Heading","Rendering"],"duration":10,"failureDetails":[],"failureMessages":[],"fullName":"Heading Rendering renders as h1 by default","invocations":1,"location":null,"numPassingAsserts":1,"retryReasons":[],"status":"passed","title":"renders as h1 by default"},{"ancestorTitles":["Heading","Rendering"],"duration":5,"failureDetails":[],"failureMessages":[],"fullName":"Heading Rendering renders children correctly","invocations":1,"location":null,"numPassingAsserts":1,"retryReasons":[],"status":"passed","title":"renders children correctly"},{"ancestorTitles":["Heading","Rendering"],"duration":6,"failureDetails":[],"failureMessages":[],"fullName":"Heading Rendering has proper base classes","invocations":1,"location":null,"numPassingAsserts":1,"retryReasons":[],"status":"passed","title":"has proper base classes"},{"ancestorTitles":["Heading","Levels"],"duration":7,"failureDetails":[],"failureMessages":[],"fullName":"Heading Levels renders h1 level","invocations":1,"location":null,"numPassingAsserts":2,"retryReasons":[],"status":"passed","title":"renders h1 level"},{"ancestorTitles":["Heading","Levels"],"duration":9,"failureDetails":[],"failureMessages":[],"fullName":"Heading Levels renders h2 level","invocations":1,"location":null,"numPassingAsserts":2,"retryReasons":[],"status":"passed","title":"renders h2 level"},{"ancestorTitles":["Heading","Levels"],"duration":5,"failureDetails":[],"failureMessages":[],"fullName":"Heading Levels renders h3 level","invocations":1,"location":null,"numPassingAsserts":2,"retryReasons":[],"status":"passed","title":"renders h3 level"},{"ancestorTitles":["Heading","Levels"],"duration":4,"failureDetails":[],"failureMessages":[],"fullName":"Heading Levels renders h4 level","invocations":1,"location":null,"numPassingAsserts":2,"retryReasons":[],"status":"passed","title":"renders h4 level"},{"ancestorTitles":["Heading","Levels"],"duration":6,"failureDetails":[],"failureMessages":[],"fullName":"Heading Levels renders h5 level","invocations":1,"location":null,"numPassingAsserts":2,"retryReasons":[],"status":"passed","title":"renders h5 level"},{"ancestorTitles":["Heading","Levels"],"duration":11,"failureDetails":[],"failureMessages":[],"fullName":"Heading Levels renders h6 level","invocations":1,"location":null,"numPassingAsserts":2,"retryReasons":[],"status":"passed","title":"renders h6 level"},{"ancestorTitles":["Heading","Colors"],"duration":13,"failureDetails":[],"failureMessages":[],"fullName":"Heading Colors renders with default color","invocations":1,"location":null,"numPassingAsserts":1,"retryReasons":[],"status":"passed","title":"renders with default color"},{"ancestorTitles":["Heading","Colors"],"duration":5,"failureDetails":[],"failureMessages":[],"fullName":"Heading Colors renders with primary color","invocations":1,"location":null,"numPassingAsserts":1,"retryReasons":[],"status":"passed","title":"renders with primary color"},{"ancestorTitles":["Heading","Colors"],"duration":3,"failureDetails":[],"failureMessages":[],"fullName":"Heading Colors renders with secondary color","invocations":1,"location":null,"numPassingAsserts":1,"retryReasons":[],"status":"passed","title":"renders with secondary color"},{"ancestorTitles":["Heading","Colors"],"duration":2,"failureDetails":[],"failureMessages":[],"fullName":"Heading Colors renders with muted color","invocations":1,"location":null,"numPassingAsserts":1,"retryReasons":[],"status":"passed","title":"renders with muted color"},{"ancestorTitles":["Heading","Semantic vs Visual Level"],"duration":2,"failureDetails":[],"failureMessages":[],"fullName":"Heading Semantic vs Visual Level can render h1 visually but h2 semantically","invocations":1,"location":null,"numPassingAsserts":2,"retryReasons":[],"status":"passed","title":"can render h1 visually but h2 semantically"},{"ancestorTitles":["Heading","Semantic vs Visual Level"],"duration":5,"failureDetails":[],"failureMessages":[],"fullName":"Heading Semantic vs Visual Level can render h3 visually but h1 semantically","invocations":1,"location":null,"numPassingAsserts":2,"retryReasons":[],"status":"passed","title":"can render h3 visually but h1 semantically"},{"ancestorTitles":["Heading","Semantic vs Visual Level"],"duration":7,"failureDetails":[],"failureMessages":[],"fullName":"Heading Semantic vs Visual Level uses level as element when as prop is not provided","invocations":1,"location":null,"numPassingAsserts":2,"retryReasons":[],"status":"passed","title":"uses level as element when as prop is not provided"},{"ancestorTitles":["Heading","Responsive Design"],"duration":2,"failureDetails":[],"failureMessages":[],"fullName":"Heading Responsive Design has responsive classes for h1","invocations":1,"location":null,"numPassingAsserts":1,"retryReasons":[],"status":"passed","title":"has responsive classes for h1"},{"ancestorTitles":["Heading","Responsive Design"],"duration":1,"failureDetails":[],"failureMessages":[],"fullName":"Heading Responsive Design has responsive classes for h2","invocations":1,"location":null,"numPassingAsserts":1,"retryReasons":[],"status":"passed","title":"has responsive classes for h2"},{"ancestorTitles":["Heading","Responsive Design"],"duration":3,"failureDetails":[],"failureMessages":[],"fullName":"Heading Responsive Design has responsive classes for h3","invocations":1,"location":null,"numPassingAsserts":1,"retryReasons":[],"status":"passed","title":"has responsive classes for h3"},{"ancestorTitles":["Heading","Custom Styling"],"duration":2,"failureDetails":[],"failureMessages":[],"fullName":"Heading Custom Styling applies custom className","invocations":1,"location":null,"numPassingAsserts":1,"retryReasons":[],"status":"passed","title":"applies custom className"},{"ancestorTitles":["Heading","Custom Styling"],"duration":48,"failureDetails":[],"failureMessages":[],"fullName":"Heading Custom Styling applies custom styles","invocations":1,"location":null,"numPassingAsserts":1,"retryReasons":[],"status":"passed","title":"applies custom styles"},{"ancestorTitles":["Heading","Accessibility"],"duration":63,"failureDetails":[],"failureMessages":[],"fullName":"Heading Accessibility has no accessibility violations","invocations":1,"location":null,"numPassingAsserts":1,"retryReasons":[],"status":"passed","title":"has no accessibility violations"},{"ancestorTitles":["Heading","Accessibility"],"duration":1,"failureDetails":[],"failureMessages":[],"fullName":"Heading Accessibility supports ARIA attributes","invocations":1,"location":null,"numPassingAsserts":1,"retryReasons":[],"status":"passed","title":"supports ARIA attributes"},{"ancestorTitles":["Heading","Accessibility"],"duration":2,"failureDetails":[],"failureMessages":[],"fullName":"Heading Accessibility supports id for linking","invocations":1,"location":null,"numPassingAsserts":1,"retryReasons":[],"status":"passed","title":"supports id for linking"},{"ancestorTitles":["Heading","Accessibility"],"duration":31,"failureDetails":[],"failureMessages":[],"fullName":"Heading Accessibility maintains proper heading hierarchy semantics","invocations":1,"location":null,"numPassingAsserts":3,"retryReasons":[],"status":"passed","title":"maintains proper heading hierarchy semantics"},{"ancestorTitles":["Heading","Content Types"],"duration":4,"failureDetails":[],"failureMessages":[],"fullName":"Heading Content Types renders text content","invocations":1,"location":null,"numPassingAsserts":1,"retryReasons":[],"status":"passed","title":"renders text content"},{"ancestorTitles":["Heading","Content Types"],"duration":12,"failureDetails":[],"failureMessages":[],"fullName":"Heading Content Types renders JSX content","invocations":1,"location":null,"numPassingAsserts":3,"retryReasons":[],"status":"passed","title":"renders JSX content"},{"ancestorTitles":["Heading","Content Types"],"duration":5,"failureDetails":[],"failureMessages":[],"fullName":"Heading Content Types renders complex content","invocations":1,"location":null,"numPassingAsserts":2,"retryReasons":[],"status":"passed","title":"renders complex content"},{"ancestorTitles":["Heading","Dark Mode Support"],"duration":1,"failureDetails":[],"failureMessages":[],"fullName":"Heading Dark Mode Support has dark mode classes for default color","invocations":1,"location":null,"numPassingAsserts":1,"retryReasons":[],"status":"passed","title":"has dark mode classes for default color"},{"ancestorTitles":["Heading","Dark Mode Support"],"duration":4,"failureDetails":[],"failureMessages":[],"fullName":"Heading Dark Mode Support has dark mode classes for primary color","invocations":1,"location":null,"numPassingAsserts":1,"retryReasons":[],"status":"passed","title":"has dark mode classes for primary color"},{"ancestorTitles":["Heading","Dark Mode Support"],"duration":1,"failureDetails":[],"failureMessages":[],"fullName":"Heading Dark Mode Support has dark mode classes for muted color","invocations":1,"location":null,"numPassingAsserts":1,"retryReasons":[],"status":"passed","title":"has dark mode classes for muted color"},{"ancestorTitles":["Heading","Edge Cases"],"duration":1,"failureDetails":[],"failureMessages":[],"fullName":"Heading Edge Cases handles empty content","invocations":1,"location":null,"numPassingAsserts":2,"retryReasons":[],"status":"passed","title":"handles empty content"},{"ancestorTitles":["Heading","Edge Cases"],"duration":1,"failureDetails":[],"failureMessages":[],"fullName":"Heading Edge Cases handles very long text","invocations":1,"location":null,"numPassingAsserts":1,"retryReasons":[],"status":"passed","title":"handles very long text"},{"ancestorTitles":["Heading","Edge Cases"],"duration":1,"failureDetails":[],"failureMessages":[],"fullName":"Heading Edge Cases handles special characters","invocations":1,"location":null,"numPassingAsserts":1,"retryReasons":[],"status":"passed","title":"handles special characters"},{"ancestorTitles":["Heading","HTML Attributes"],"duration":8,"failureDetails":[],"failureMessages":[],"fullName":"Heading HTML Attributes supports standard HTML attributes","invocations":1,"location":null,"numPassingAsserts":2,"retryReasons":[],"status":"passed","title":"supports standard HTML attributes"},{"ancestorTitles":["Heading","HTML Attributes"],"duration":3,"failureDetails":[],"failureMessages":[],"fullName":"Heading HTML Attributes supports event handlers","invocations":1,"location":null,"numPassingAsserts":1,"retryReasons":[],"status":"passed","title":"supports event handlers"},{"ancestorTitles":["Heading","Performance"],"duration":2,"failureDetails":[],"failureMessages":[],"fullName":"Heading Performance does not re-render unnecessarily","invocations":1,"location":null,"numPassingAsserts":1,"retryReasons":[],"status":"passed","title":"does not re-render unnecessarily"}],"endTime":1751860292944,"message":"","name":"/Users/abhay/Documents/workspace/next-js/next-saas/packages/ui/src/atoms/typography/Heading.test.tsx","startTime":1751860291525,"status":"passed","summary":""},{"assertionResults":[{"ancestorTitles":["Divider","Rendering"],"duration":46,"failureDetails":[],"failureMessages":[],"fullName":"Divider Rendering renders with default props","invocations":1,"location":null,"numPassingAsserts":1,"retryReasons":[],"status":"passed","title":"renders with default props"},{"ancestorTitles":["Divider","Rendering"],"duration":3,"failureDetails":[],"failureMessages":[],"fullName":"Divider Rendering renders as hr element by default","invocations":1,"location":null,"numPassingAsserts":1,"retryReasons":[],"status":"passed","title":"renders as hr element by default"},{"ancestorTitles":["Divider","Rendering"],"duration":23,"failureDetails":[],"failureMessages":[],"fullName":"Divider Rendering renders with text content","invocations":1,"location":null,"numPassingAsserts":1,"retryReasons":[],"status":"passed","title":"renders with text content"},{"ancestorTitles":["Divider","Orientation"],"duration":6,"failureDetails":[],"failureMessages":[],"fullName":"Divider Orientation renders horizontal divider by default","invocations":1,"location":null,"numPassingAsserts":1,"retryReasons":[],"status":"passed","title":"renders horizontal divider by default"},{"ancestorTitles":["Divider","Orientation"],"duration":4,"failureDetails":[],"failureMessages":[],"fullName":"Divider Orientation renders vertical divider","invocations":1,"location":null,"numPassingAsserts":1,"retryReasons":[],"status":"passed","title":"renders vertical divider"},{"ancestorTitles":["Divider","Variants"],"duration":5,"failureDetails":[],"failureMessages":[],"fullName":"Divider Variants renders solid variant by default","invocations":1,"location":null,"numPassingAsserts":1,"retryReasons":[],"status":"passed","title":"renders solid variant by default"},{"ancestorTitles":["Divider","Variants"],"duration":7,"failureDetails":[],"failureMessages":[],"fullName":"Divider Variants renders dashed variant","invocations":1,"location":null,"numPassingAsserts":1,"retryReasons":[],"status":"passed","title":"renders dashed variant"},{"ancestorTitles":["Divider","Variants"],"duration":3,"failureDetails":[],"failureMessages":[],"fullName":"Divider Variants renders dotted variant","invocations":1,"location":null,"numPassingAsserts":1,"retryReasons":[],"status":"passed","title":"renders dotted variant"},{"ancestorTitles":["Divider","Thickness"],"duration":4,"failureDetails":[],"failureMessages":[],"fullName":"Divider Thickness renders thin thickness by default","invocations":1,"location":null,"numPassingAsserts":1,"retryReasons":[],"status":"passed","title":"renders thin thickness by default"},{"ancestorTitles":["Divider","Thickness"],"duration":14,"failureDetails":[],"failureMessages":[],"fullName":"Divider Thickness renders medium thickness","invocations":1,"location":null,"numPassingAsserts":1,"retryReasons":[],"status":"passed","title":"renders medium thickness"},{"ancestorTitles":["Divider","Thickness"],"duration":29,"failureDetails":[],"failureMessages":[],"fullName":"Divider Thickness renders thick thickness","invocations":1,"location":null,"numPassingAsserts":1,"retryReasons":[],"status":"passed","title":"renders thick thickness"},{"ancestorTitles":["Divider","Spacing"],"duration":5,"failureDetails":[],"failureMessages":[],"fullName":"Divider Spacing renders with default margins","invocations":1,"location":null,"numPassingAsserts":1,"retryReasons":[],"status":"passed","title":"renders with default margins"},{"ancestorTitles":["Divider","Spacing"],"duration":3,"failureDetails":[],"failureMessages":[],"fullName":"Divider Spacing renders with small spacing","invocations":1,"location":null,"numPassingAsserts":1,"retryReasons":[],"status":"passed","title":"renders with small spacing"},{"ancestorTitles":["Divider","Spacing"],"duration":2,"failureDetails":[],"failureMessages":[],"fullName":"Divider Spacing renders with large spacing","invocations":1,"location":null,"numPassingAsserts":1,"retryReasons":[],"status":"passed","title":"renders with large spacing"},{"ancestorTitles":["Divider","Spacing"],"duration":13,"failureDetails":[],"failureMessages":[],"fullName":"Divider Spacing renders with extra large spacing","invocations":1,"location":null,"numPassingAsserts":1,"retryReasons":[],"status":"passed","title":"renders with extra large spacing"},{"ancestorTitles":["Divider","Text Divider"],"duration":7,"failureDetails":[],"failureMessages":[],"fullName":"Divider Text Divider renders text divider with centered text","invocations":1,"location":null,"numPassingAsserts":2,"retryReasons":[],"status":"passed","title":"renders text divider with centered text"},{"ancestorTitles":["Divider","Text Divider"],"duration":3,"failureDetails":[],"failureMessages":[],"fullName":"Divider Text Divider renders text divider with left aligned text","invocations":1,"location":null,"numPassingAsserts":1,"retryReasons":[],"status":"passed","title":"renders text divider with left aligned text"},{"ancestorTitles":["Divider","Text Divider"],"duration":2,"failureDetails":[],"failureMessages":[],"fullName":"Divider Text Divider renders text divider with right aligned text","invocations":1,"location":null,"numPassingAsserts":1,"retryReasons":[],"status":"passed","title":"renders text divider with right aligned text"},{"ancestorTitles":["Divider","Custom Styling"],"duration":1,"failureDetails":[],"failureMessages":[],"fullName":"Divider Custom Styling applies custom className","invocations":1,"location":null,"numPassingAsserts":1,"retryReasons":[],"status":"passed","title":"applies custom className"},{"ancestorTitles":["Divider","Custom Styling"],"duration":42,"failureDetails":[],"failureMessages":[],"fullName":"Divider Custom Styling applies custom styles","invocations":1,"location":null,"numPassingAsserts":1,"retryReasons":[],"status":"passed","title":"applies custom styles"},{"ancestorTitles":["Divider","Accessibility"],"duration":49,"failureDetails":[],"failureMessages":[],"fullName":"Divider Accessibility has no accessibility violations for basic divider","invocations":1,"location":null,"numPassingAsserts":1,"retryReasons":[],"status":"passed","title":"has no accessibility violations for basic divider"},{"ancestorTitles":["Divider","Accessibility"],"duration":57,"failureDetails":[],"failureMessages":[],"fullName":"Divider Accessibility has no accessibility violations for text divider","invocations":1,"location":null,"numPassingAsserts":1,"retryReasons":[],"status":"passed","title":"has no accessibility violations for text divider"},{"ancestorTitles":["Divider","Accessibility"],"duration":1,"failureDetails":[],"failureMessages":[],"fullName":"Divider Accessibility has proper role for semantic divider","invocations":1,"location":null,"numPassingAsserts":1,"retryReasons":[],"status":"passed","title":"has proper role for semantic divider"},{"ancestorTitles":["Divider","Accessibility"],"duration":1,"failureDetails":[],"failureMessages":[],"fullName":"Divider Accessibility supports ARIA attributes","invocations":1,"location":null,"numPassingAsserts":1,"retryReasons":[],"status":"passed","title":"supports ARIA attributes"},{"ancestorTitles":["Divider","Responsive Behavior"],"duration":2,"failureDetails":[],"failureMessages":[],"fullName":"Divider Responsive Behavior handles different orientations on different screen sizes","invocations":1,"location":null,"numPassingAsserts":1,"retryReasons":[],"status":"passed","title":"handles different orientations on different screen sizes"},{"ancestorTitles":["Divider","Edge Cases"],"duration":7,"failureDetails":[],"failureMessages":[],"fullName":"Divider Edge Cases handles empty text gracefully","invocations":1,"location":null,"numPassingAsserts":1,"retryReasons":[],"status":"passed","title":"handles empty text gracefully"},{"ancestorTitles":["Divider","Edge Cases"],"duration":2,"failureDetails":[],"failureMessages":[],"fullName":"Divider Edge Cases handles very long text","invocations":1,"location":null,"numPassingAsserts":1,"retryReasons":[],"status":"passed","title":"handles very long text"},{"ancestorTitles":["Divider","Edge Cases"],"duration":10,"failureDetails":[],"failureMessages":[],"fullName":"Divider Edge Cases handles React elements as children","invocations":1,"location":null,"numPassingAsserts":2,"retryReasons":[],"status":"passed","title":"handles React elements as children"},{"ancestorTitles":["Divider","Edge Cases"],"duration":5,"failureDetails":[],"failureMessages":[],"fullName":"Divider Edge Cases handles numeric children","invocations":1,"location":null,"numPassingAsserts":1,"retryReasons":[],"status":"passed","title":"handles numeric children"}],"endTime":1751860292998,"message":"","name":"/Users/abhay/Documents/workspace/next-js/next-saas/packages/ui/src/atoms/dividers/Divider.test.tsx","startTime":1751860291548,"status":"passed","summary":""},{"assertionResults":[{"ancestorTitles":["Badge","Rendering"],"duration":74,"failureDetails":[],"failureMessages":[],"fullName":"Badge Rendering renders with default props","invocations":1,"location":null,"numPassingAsserts":1,"retryReasons":[],"status":"passed","title":"renders with default props"},{"ancestorTitles":["Badge","Rendering"],"duration":5,"failureDetails":[],"failureMessages":[],"fullName":"Badge Rendering renders children correctly","invocations":1,"location":null,"numPassingAsserts":1,"retryReasons":[],"status":"passed","title":"renders children correctly"},{"ancestorTitles":["Badge","Rendering"],"duration":9,"failureDetails":[],"failureMessages":[],"fullName":"Badge Rendering renders as div by default","invocations":1,"location":null,"numPassingAsserts":1,"retryReasons":[],"status":"passed","title":"renders as div by default"},{"ancestorTitles":["Badge","Variants"],"duration":4,"failureDetails":[],"failureMessages":[],"fullName":"Badge Variants renders default variant","invocations":1,"location":null,"numPassingAsserts":1,"retryReasons":[],"status":"passed","title":"renders default variant"},{"ancestorTitles":["Badge","Variants"],"duration":6,"failureDetails":[],"failureMessages":[],"fullName":"Badge Variants renders secondary variant","invocations":1,"location":null,"numPassingAsserts":1,"retryReasons":[],"status":"passed","title":"renders secondary variant"},{"ancestorTitles":["Badge","Variants"],"duration":7,"failureDetails":[],"failureMessages":[],"fullName":"Badge Variants renders destructive variant","invocations":1,"location":null,"numPassingAsserts":1,"retryReasons":[],"status":"passed","title":"renders destructive variant"},{"ancestorTitles":["Badge","Variants"],"duration":7,"failureDetails":[],"failureMessages":[],"fullName":"Badge Variants renders success variant","invocations":1,"location":null,"numPassingAsserts":1,"retryReasons":[],"status":"passed","title":"renders success variant"},{"ancestorTitles":["Badge","Variants"],"duration":4,"failureDetails":[],"failureMessages":[],"fullName":"Badge Variants renders warning variant","invocations":1,"location":null,"numPassingAsserts":1,"retryReasons":[],"status":"passed","title":"renders warning variant"},{"ancestorTitles":["Badge","Variants"],"duration":8,"failureDetails":[],"failureMessages":[],"fullName":"Badge Variants renders outline variant","invocations":1,"location":null,"numPassingAsserts":1,"retryReasons":[],"status":"passed","title":"renders outline variant"},{"ancestorTitles":["Badge","Variants"],"duration":6,"failureDetails":[],"failureMessages":[],"fullName":"Badge Variants renders ghost variant","invocations":1,"location":null,"numPassingAsserts":1,"retryReasons":[],"status":"passed","title":"renders ghost variant"},{"ancestorTitles":["Badge","Sizes"],"duration":7,"failureDetails":[],"failureMessages":[],"fullName":"Badge Sizes renders small size","invocations":1,"location":null,"numPassingAsserts":1,"retryReasons":[],"status":"passed","title":"renders small size"},{"ancestorTitles":["Badge","Sizes"],"duration":4,"failureDetails":[],"failureMessages":[],"fullName":"Badge Sizes renders default size by default","invocations":1,"location":null,"numPassingAsserts":1,"retryReasons":[],"status":"passed","title":"renders default size by default"},{"ancestorTitles":["Badge","Sizes"],"duration":7,"failureDetails":[],"failureMessages":[],"fullName":"Badge Sizes renders large size","invocations":1,"location":null,"numPassingAsserts":1,"retryReasons":[],"status":"passed","title":"renders large size"},{"ancestorTitles":["Badge","Shape"],"duration":2,"failureDetails":[],"failureMessages":[],"fullName":"Badge Shape renders rounded shape by default","invocations":1,"location":null,"numPassingAsserts":1,"retryReasons":[],"status":"passed","title":"renders rounded shape by default"},{"ancestorTitles":["Badge","Removable Badge"],"duration":98,"failureDetails":[],"failureMessages":[],"fullName":"Badge Removable Badge renders close button when removable","invocations":1,"location":null,"numPassingAsserts":2,"retryReasons":[],"status":"passed","title":"renders close button when removable"},{"ancestorTitles":["Badge","Removable Badge"],"duration":33,"failureDetails":[],"failureMessages":[],"fullName":"Badge Removable Badge calls onRemove when close button is clicked","invocations":1,"location":null,"numPassingAsserts":1,"retryReasons":[],"status":"passed","title":"calls onRemove when close button is clicked"},{"ancestorTitles":["Badge","Removable Badge"],"duration":4,"failureDetails":[],"failureMessages":[],"fullName":"Badge Removable Badge does not render close button when not removable","invocations":1,"location":null,"numPassingAsserts":1,"retryReasons":[],"status":"passed","title":"does not render close button when not removable"},{"ancestorTitles":["Badge","Custom Styling"],"duration":2,"failureDetails":[],"failureMessages":[],"fullName":"Badge Custom Styling applies custom className","invocations":1,"location":null,"numPassingAsserts":1,"retryReasons":[],"status":"passed","title":"applies custom className"},{"ancestorTitles":["Badge","Custom Styling"],"duration":6,"failureDetails":[],"failureMessages":[],"fullName":"Badge Custom Styling applies custom styles","invocations":1,"location":null,"numPassingAsserts":1,"retryReasons":[],"status":"passed","title":"applies custom styles"},{"ancestorTitles":["Badge","Accessibility"],"duration":38,"failureDetails":[],"failureMessages":[],"fullName":"Badge Accessibility has no accessibility violations","invocations":1,"location":null,"numPassingAsserts":1,"retryReasons":[],"status":"passed","title":"has no accessibility violations"},{"ancestorTitles":["Badge","Accessibility"],"duration":10,"failureDetails":[],"failureMessages":[],"fullName":"Badge Accessibility has proper ARIA label for removable badge","invocations":1,"location":null,"numPassingAsserts":1,"retryReasons":[],"status":"passed","title":"has proper ARIA label for removable badge"},{"ancestorTitles":["Badge","Accessibility"],"duration":1,"failureDetails":[],"failureMessages":[],"fullName":"Badge Accessibility supports custom ARIA attributes","invocations":1,"location":null,"numPassingAsserts":1,"retryReasons":[],"status":"passed","title":"supports custom ARIA attributes"},{"ancestorTitles":["Badge","Interactive States"],"duration":2,"failureDetails":[],"failureMessages":[],"fullName":"Badge Interactive States supports onClick handler","invocations":1,"location":null,"numPassingAsserts":1,"retryReasons":[],"status":"passed","title":"supports onClick handler"},{"ancestorTitles":["Badge","Edge Cases"],"duration":1,"failureDetails":[],"failureMessages":[],"fullName":"Badge Edge Cases handles empty children gracefully","invocations":1,"location":null,"numPassingAsserts":1,"retryReasons":[],"status":"passed","title":"handles empty children gracefully"},{"ancestorTitles":["Badge","Edge Cases"],"duration":1,"failureDetails":[],"failureMessages":[],"fullName":"Badge Edge Cases handles very long text","invocations":1,"location":null,"numPassingAsserts":1,"retryReasons":[],"status":"passed","title":"handles very long text"},{"ancestorTitles":["Badge","Edge Cases"],"duration":1,"failureDetails":[],"failureMessages":[],"fullName":"Badge Edge Cases handles numeric children","invocations":1,"location":null,"numPassingAsserts":1,"retryReasons":[],"status":"passed","title":"handles numeric children"},{"ancestorTitles":["Badge","Edge Cases"],"duration":1,"failureDetails":[],"failureMessages":[],"fullName":"Badge Edge Cases handles React elements as children","invocations":1,"location":null,"numPassingAsserts":1,"retryReasons":[],"status":"passed","title":"handles React elements as children"}],"endTime":1751860293000,"message":"","name":"/Users/abhay/Documents/workspace/next-js/next-saas/packages/ui/src/atoms/badges/Badge.test.tsx","startTime":1751860291522,"status":"passed","summary":""},{"assertionResults":[{"ancestorTitles":["Card Component","Card Container"],"duration":46,"failureDetails":[],"failureMessages":[],"fullName":"Card Component Card Container renders correctly","invocations":1,"location":null,"numPassingAsserts":1,"retryReasons":[],"status":"passed","title":"renders correctly"},{"ancestorTitles":["Card Component","Card Container"],"duration":8,"failureDetails":[],"failureMessages":[],"fullName":"Card Component Card Container applies custom className","invocations":1,"location":null,"numPassingAsserts":1,"retryReasons":[],"status":"passed","title":"applies custom className"},{"ancestorTitles":["Card Component","Card Container"],"duration":20,"failureDetails":[],"failureMessages":[],"fullName":"Card Component Card Container renders with all sub-components","invocations":1,"location":null,"numPassingAsserts":4,"retryReasons":[],"status":"passed","title":"renders with all sub-components"},{"ancestorTitles":["Card Component","CardHeader"],"duration":9,"failureDetails":[],"failureMessages":[],"fullName":"Card Component CardHeader renders correctly","invocations":1,"location":null,"numPassingAsserts":1,"retryReasons":[],"status":"passed","title":"renders correctly"},{"ancestorTitles":["Card Component","CardHeader"],"duration":7,"failureDetails":[],"failureMessages":[],"fullName":"Card Component CardHeader applies correct spacing","invocations":1,"location":null,"numPassingAsserts":1,"retryReasons":[],"status":"passed","title":"applies correct spacing"},{"ancestorTitles":["Card Component","CardTitle"],"duration":11,"failureDetails":[],"failureMessages":[],"fullName":"Card Component CardTitle renders as h3 by default","invocations":1,"location":null,"numPassingAsserts":1,"retryReasons":[],"status":"passed","title":"renders as h3 by default"},{"ancestorTitles":["Card Component","CardTitle"],"duration":7,"failureDetails":[],"failureMessages":[],"fullName":"Card Component CardTitle applies correct styling","invocations":1,"location":null,"numPassingAsserts":1,"retryReasons":[],"status":"passed","title":"applies correct styling"},{"ancestorTitles":["Card Component","CardDescription"],"duration":12,"failureDetails":[],"failureMessages":[],"fullName":"Card Component CardDescription renders correctly","invocations":1,"location":null,"numPassingAsserts":1,"retryReasons":[],"status":"passed","title":"renders correctly"},{"ancestorTitles":["Card Component","CardDescription"],"duration":5,"failureDetails":[],"failureMessages":[],"fullName":"Card Component CardDescription applies muted text styling","invocations":1,"location":null,"numPassingAsserts":1,"retryReasons":[],"status":"passed","title":"applies muted text styling"},{"ancestorTitles":["Card Component","CardContent"],"duration":23,"failureDetails":[],"failureMessages":[],"fullName":"Card Component CardContent renders correctly","invocations":1,"location":null,"numPassingAsserts":1,"retryReasons":[],"status":"passed","title":"renders correctly"},{"ancestorTitles":["Card Component","CardContent"],"duration":131,"failureDetails":[],"failureMessages":[],"fullName":"Card Component CardContent can contain complex content","invocations":1,"location":null,"numPassingAsserts":3,"retryReasons":[],"status":"passed","title":"can contain complex content"},{"ancestorTitles":["Card Component","CardFooter"],"duration":3,"failureDetails":[],"failureMessages":[],"fullName":"Card Component CardFooter renders correctly","invocations":1,"location":null,"numPassingAsserts":1,"retryReasons":[],"status":"passed","title":"renders correctly"},{"ancestorTitles":["Card Component","CardFooter"],"duration":6,"failureDetails":[],"failureMessages":[],"fullName":"Card Component CardFooter can contain actions","invocations":1,"location":null,"numPassingAsserts":2,"retryReasons":[],"status":"passed","title":"can contain actions"},{"ancestorTitles":["Card Component","Composition"],"duration":9,"failureDetails":[],"failureMessages":[],"fullName":"Card Component Composition works with partial components","invocations":1,"location":null,"numPassingAsserts":3,"retryReasons":[],"status":"passed","title":"works with partial components"},{"ancestorTitles":["Card Component","Composition"],"duration":4,"failureDetails":[],"failureMessages":[],"fullName":"Card Component Composition supports nested cards","invocations":1,"location":null,"numPassingAsserts":1,"retryReasons":[],"status":"passed","title":"supports nested cards"},{"ancestorTitles":["Card Component","Accessibility"],"duration":66,"failureDetails":[],"failureMessages":[],"fullName":"Card Component Accessibility has no accessibility violations","invocations":1,"location":null,"numPassingAsserts":1,"retryReasons":[],"status":"passed","title":"has no accessibility violations"},{"ancestorTitles":["Card Component","Accessibility"],"duration":4,"failureDetails":[],"failureMessages":[],"fullName":"Card Component Accessibility maintains semantic structure","invocations":1,"location":null,"numPassingAsserts":1,"retryReasons":[],"status":"passed","title":"maintains semantic structure"},{"ancestorTitles":["Card Component","Forwarded Refs"],"duration":3,"failureDetails":[],"failureMessages":[],"fullName":"Card Component Forwarded Refs Card forwards ref","invocations":1,"location":null,"numPassingAsserts":1,"retryReasons":[],"status":"passed","title":"Card forwards ref"},{"ancestorTitles":["Card Component","Forwarded Refs"],"duration":2,"failureDetails":[],"failureMessages":[],"fullName":"Card Component Forwarded Refs CardHeader forwards ref","invocations":1,"location":null,"numPassingAsserts":1,"retryReasons":[],"status":"passed","title":"CardHeader forwards ref"},{"ancestorTitles":["Card Component","Forwarded Refs"],"duration":2,"failureDetails":[],"failureMessages":[],"fullName":"Card Component Forwarded Refs CardContent forwards ref","invocations":1,"location":null,"numPassingAsserts":1,"retryReasons":[],"status":"passed","title":"CardContent forwards ref"},{"ancestorTitles":["Card Component","Forwarded Refs"],"duration":2,"failureDetails":[],"failureMessages":[],"fullName":"Card Component Forwarded Refs CardFooter forwards ref","invocations":1,"location":null,"numPassingAsserts":1,"retryReasons":[],"status":"passed","title":"CardFooter forwards ref"}],"endTime":1751860293010,"message":"","name":"/Users/abhay/Documents/workspace/next-js/next-saas/packages/ui/src/molecules/cards/Card.test.tsx","startTime":1751860291530,"status":"passed","summary":""},{"assertionResults":[{"ancestorTitles":["Text","Rendering"],"duration":45,"failureDetails":[],"failureMessages":[],"fullName":"Text Rendering renders with default props","invocations":1,"location":null,"numPassingAsserts":1,"retryReasons":[],"status":"passed","title":"renders with default props"},{"ancestorTitles":["Text","Rendering"],"duration":9,"failureDetails":[],"failureMessages":[],"fullName":"Text Rendering renders as p by default","invocations":1,"location":null,"numPassingAsserts":1,"retryReasons":[],"status":"passed","title":"renders as p by default"},{"ancestorTitles":["Text","Rendering"],"duration":7,"failureDetails":[],"failureMessages":[],"fullName":"Text Rendering renders children correctly","invocations":1,"location":null,"numPassingAsserts":1,"retryReasons":[],"status":"passed","title":"renders children correctly"},{"ancestorTitles":["Text","Element Types"],"duration":4,"failureDetails":[],"failureMessages":[],"fullName":"Text Element Types renders as paragraph","invocations":1,"location":null,"numPassingAsserts":1,"retryReasons":[],"status":"passed","title":"renders as paragraph"},{"ancestorTitles":["Text","Element Types"],"duration":5,"failureDetails":[],"failureMessages":[],"fullName":"Text Element Types renders as span","invocations":1,"location":null,"numPassingAsserts":1,"retryReasons":[],"status":"passed","title":"renders as span"},{"ancestorTitles":["Text","Element Types"],"duration":6,"failureDetails":[],"failureMessages":[],"fullName":"Text Element Types renders as div","invocations":1,"location":null,"numPassingAsserts":1,"retryReasons":[],"status":"passed","title":"renders as div"},{"ancestorTitles":["Text","Element Types"],"duration":5,"failureDetails":[],"failureMessages":[],"fullName":"Text Element Types renders as label","invocations":1,"location":null,"numPassingAsserts":1,"retryReasons":[],"status":"passed","title":"renders as label"},{"ancestorTitles":["Text","Sizes"],"duration":6,"failureDetails":[],"failureMessages":[],"fullName":"Text Sizes renders extra small size","invocations":1,"location":null,"numPassingAsserts":1,"retryReasons":[],"status":"passed","title":"renders extra small size"},{"ancestorTitles":["Text","Sizes"],"duration":5,"failureDetails":[],"failureMessages":[],"fullName":"Text Sizes renders small size","invocations":1,"location":null,"numPassingAsserts":1,"retryReasons":[],"status":"passed","title":"renders small size"},{"ancestorTitles":["Text","Sizes"],"duration":23,"failureDetails":[],"failureMessages":[],"fullName":"Text Sizes renders base size by default","invocations":1,"location":null,"numPassingAsserts":1,"retryReasons":[],"status":"passed","title":"renders base size by default"},{"ancestorTitles":["Text","Sizes"],"duration":8,"failureDetails":[],"failureMessages":[],"fullName":"Text Sizes renders large size","invocations":1,"location":null,"numPassingAsserts":1,"retryReasons":[],"status":"passed","title":"renders large size"},{"ancestorTitles":["Text","Sizes"],"duration":3,"failureDetails":[],"failureMessages":[],"fullName":"Text Sizes renders extra large size","invocations":1,"location":null,"numPassingAsserts":1,"retryReasons":[],"status":"passed","title":"renders extra large size"},{"ancestorTitles":["Text","Sizes"],"duration":4,"failureDetails":[],"failureMessages":[],"fullName":"Text Sizes renders 2xl size","invocations":1,"location":null,"numPassingAsserts":1,"retryReasons":[],"status":"passed","title":"renders 2xl size"},{"ancestorTitles":["Text","Weights"],"duration":2,"failureDetails":[],"failureMessages":[],"fullName":"Text Weights renders light weight","invocations":1,"location":null,"numPassingAsserts":1,"retryReasons":[],"status":"passed","title":"renders light weight"},{"ancestorTitles":["Text","Weights"],"duration":3,"failureDetails":[],"failureMessages":[],"fullName":"Text Weights renders normal weight by default","invocations":1,"location":null,"numPassingAsserts":1,"retryReasons":[],"status":"passed","title":"renders normal weight by default"},{"ancestorTitles":["Text","Weights"],"duration":2,"failureDetails":[],"failureMessages":[],"fullName":"Text Weights renders medium weight","invocations":1,"location":null,"numPassingAsserts":1,"retryReasons":[],"status":"passed","title":"renders medium weight"},{"ancestorTitles":["Text","Weights"],"duration":8,"failureDetails":[],"failureMessages":[],"fullName":"Text Weights renders semibold weight","invocations":1,"location":null,"numPassingAsserts":1,"retryReasons":[],"status":"passed","title":"renders semibold weight"},{"ancestorTitles":["Text","Weights"],"duration":2,"failureDetails":[],"failureMessages":[],"fullName":"Text Weights renders bold weight","invocations":1,"location":null,"numPassingAsserts":1,"retryReasons":[],"status":"passed","title":"renders bold weight"},{"ancestorTitles":["Text","Colors"],"duration":1,"failureDetails":[],"failureMessages":[],"fullName":"Text Colors renders with default color","invocations":1,"location":null,"numPassingAsserts":1,"retryReasons":[],"status":"passed","title":"renders with default color"},{"ancestorTitles":["Text","Colors"],"duration":3,"failureDetails":[],"failureMessages":[],"fullName":"Text Colors renders with primary color","invocations":1,"location":null,"numPassingAsserts":1,"retryReasons":[],"status":"passed","title":"renders with primary color"},{"ancestorTitles":["Text","Colors"],"duration":1,"failureDetails":[],"failureMessages":[],"fullName":"Text Colors renders with secondary color","invocations":1,"location":null,"numPassingAsserts":1,"retryReasons":[],"status":"passed","title":"renders with secondary color"},{"ancestorTitles":["Text","Colors"],"duration":3,"failureDetails":[],"failureMessages":[],"fullName":"Text Colors renders with muted color","invocations":1,"location":null,"numPassingAsserts":1,"retryReasons":[],"status":"passed","title":"renders with muted color"},{"ancestorTitles":["Text","Colors"],"duration":1,"failureDetails":[],"failureMessages":[],"fullName":"Text Colors renders with error color","invocations":1,"location":null,"numPassingAsserts":1,"retryReasons":[],"status":"passed","title":"renders with error color"},{"ancestorTitles":["Text","Colors"],"duration":1,"failureDetails":[],"failureMessages":[],"fullName":"Text Colors renders with success color","invocations":1,"location":null,"numPassingAsserts":1,"retryReasons":[],"status":"passed","title":"renders with success color"},{"ancestorTitles":["Text","Colors"],"duration":6,"failureDetails":[],"failureMessages":[],"fullName":"Text Colors renders with warning color","invocations":1,"location":null,"numPassingAsserts":1,"retryReasons":[],"status":"passed","title":"renders with warning color"},{"ancestorTitles":["Text","Alignment"],"duration":7,"failureDetails":[],"failureMessages":[],"fullName":"Text Alignment renders left aligned by default","invocations":1,"location":null,"numPassingAsserts":1,"retryReasons":[],"status":"passed","title":"renders left aligned by default"},{"ancestorTitles":["Text","Alignment"],"duration":2,"failureDetails":[],"failureMessages":[],"fullName":"Text Alignment renders center aligned","invocations":1,"location":null,"numPassingAsserts":1,"retryReasons":[],"status":"passed","title":"renders center aligned"},{"ancestorTitles":["Text","Alignment"],"duration":1,"failureDetails":[],"failureMessages":[],"fullName":"Text Alignment renders right aligned","invocations":1,"location":null,"numPassingAsserts":1,"retryReasons":[],"status":"passed","title":"renders right aligned"},{"ancestorTitles":["Text","Alignment"],"duration":3,"failureDetails":[],"failureMessages":[],"fullName":"Text Alignment renders justified","invocations":1,"location":null,"numPassingAsserts":1,"retryReasons":[],"status":"passed","title":"renders justified"},{"ancestorTitles":["Text","Combined Props"],"duration":1,"failureDetails":[],"failureMessages":[],"fullName":"Text Combined Props renders with multiple style props","invocations":1,"location":null,"numPassingAsserts":1,"retryReasons":[],"status":"passed","title":"renders with multiple style props"},{"ancestorTitles":["Text","Combined Props"],"duration":2,"failureDetails":[],"failureMessages":[],"fullName":"Text Combined Props renders span with small muted text","invocations":1,"location":null,"numPassingAsserts":2,"retryReasons":[],"status":"passed","title":"renders span with small muted text"},{"ancestorTitles":["Text","Custom Styling"],"duration":2,"failureDetails":[],"failureMessages":[],"fullName":"Text Custom Styling applies custom className","invocations":1,"location":null,"numPassingAsserts":1,"retryReasons":[],"status":"passed","title":"applies custom className"},{"ancestorTitles":["Text","Custom Styling"],"duration":34,"failureDetails":[],"failureMessages":[],"fullName":"Text Custom Styling applies custom styles","invocations":1,"location":null,"numPassingAsserts":1,"retryReasons":[],"status":"passed","title":"applies custom styles"},{"ancestorTitles":["Text","Accessibility"],"duration":45,"failureDetails":[],"failureMessages":[],"fullName":"Text Accessibility has no accessibility violations","invocations":1,"location":null,"numPassingAsserts":1,"retryReasons":[],"status":"passed","title":"has no accessibility violations"},{"ancestorTitles":["Text","Accessibility"],"duration":2,"failureDetails":[],"failureMessages":[],"fullName":"Text Accessibility supports ARIA attributes","invocations":1,"location":null,"numPassingAsserts":2,"retryReasons":[],"status":"passed","title":"supports ARIA attributes"},{"ancestorTitles":["Text","Accessibility"],"duration":53,"failureDetails":[],"failureMessages":[],"fullName":"Text Accessibility works as label for form elements","invocations":1,"location":null,"numPassingAsserts":3,"retryReasons":[],"status":"passed","title":"works as label for form elements"},{"ancestorTitles":["Text","Content Types"],"duration":3,"failureDetails":[],"failureMessages":[],"fullName":"Text Content Types renders plain text","invocations":1,"location":null,"numPassingAsserts":1,"retryReasons":[],"status":"passed","title":"renders plain text"},{"ancestorTitles":["Text","Content Types"],"duration":5,"failureDetails":[],"failureMessages":[],"fullName":"Text Content Types renders JSX content","invocations":1,"location":null,"numPassingAsserts":3,"retryReasons":[],"status":"passed","title":"renders JSX content"},{"ancestorTitles":["Text","Content Types"],"duration":4,"failureDetails":[],"failureMessages":[],"fullName":"Text Content Types renders complex nested content","invocations":1,"location":null,"numPassingAsserts":2,"retryReasons":[],"status":"passed","title":"renders complex nested content"},{"ancestorTitles":["Text","Content Types"],"duration":9,"failureDetails":[],"failureMessages":[],"fullName":"Text Content Types renders links within text","invocations":1,"location":null,"numPassingAsserts":2,"retryReasons":[],"status":"passed","title":"renders links within text"},{"ancestorTitles":["Text","Dark Mode Support"],"duration":8,"failureDetails":[],"failureMessages":[],"fullName":"Text Dark Mode Support has dark mode classes for default color","invocations":1,"location":null,"numPassingAsserts":1,"retryReasons":[],"status":"passed","title":"has dark mode classes for default color"},{"ancestorTitles":["Text","Dark Mode Support"],"duration":1,"failureDetails":[],"failureMessages":[],"fullName":"Text Dark Mode Support has dark mode classes for primary color","invocations":1,"location":null,"numPassingAsserts":1,"retryReasons":[],"status":"passed","title":"has dark mode classes for primary color"},{"ancestorTitles":["Text","Dark Mode Support"],"duration":2,"failureDetails":[],"failureMessages":[],"fullName":"Text Dark Mode Support has dark mode classes for error color","invocations":1,"location":null,"numPassingAsserts":1,"retryReasons":[],"status":"passed","title":"has dark mode classes for error color"},{"ancestorTitles":["Text","Edge Cases"],"duration":1,"failureDetails":[],"failureMessages":[],"fullName":"Text Edge Cases handles empty content","invocations":1,"location":null,"numPassingAsserts":2,"retryReasons":[],"status":"passed","title":"handles empty content"},{"ancestorTitles":["Text","Edge Cases"],"duration":0,"failureDetails":[],"failureMessages":[],"fullName":"Text Edge Cases handles very long text","invocations":1,"location":null,"numPassingAsserts":1,"retryReasons":[],"status":"passed","title":"handles very long text"},{"ancestorTitles":["Text","Edge Cases"],"duration":0,"failureDetails":[],"failureMessages":[],"fullName":"Text Edge Cases handles special characters and Unicode","invocations":1,"location":null,"numPassingAsserts":1,"retryReasons":[],"status":"passed","title":"handles special characters and Unicode"},{"ancestorTitles":["Text","Edge Cases"],"duration":5,"failureDetails":[],"failureMessages":[],"fullName":"Text Edge Cases handles numeric content","invocations":1,"location":null,"numPassingAsserts":1,"retryReasons":[],"status":"passed","title":"handles numeric content"},{"ancestorTitles":["Text","Edge Cases"],"duration":0,"failureDetails":[],"failureMessages":[],"fullName":"Text Edge Cases handles boolean content","invocations":1,"location":null,"numPassingAsserts":1,"retryReasons":[],"status":"passed","title":"handles boolean content"},{"ancestorTitles":["Text","HTML Attributes"],"duration":12,"failureDetails":[],"failureMessages":[],"fullName":"Text HTML Attributes supports standard HTML attributes","invocations":1,"location":null,"numPassingAsserts":3,"retryReasons":[],"status":"passed","title":"supports standard HTML attributes"},{"ancestorTitles":["Text","HTML Attributes"],"duration":12,"failureDetails":[],"failureMessages":[],"fullName":"Text HTML Attributes supports event handlers","invocations":1,"location":null,"numPassingAsserts":2,"retryReasons":[],"status":"passed","title":"supports event handlers"},{"ancestorTitles":["Text","Form Integration"],"duration":10,"failureDetails":[],"failureMessages":[],"fullName":"Text Form Integration works as form label","invocations":1,"location":null,"numPassingAsserts":3,"retryReasons":[],"status":"passed","title":"works as form label"},{"ancestorTitles":["Text","Performance"],"duration":4,"failureDetails":[],"failureMessages":[],"fullName":"Text Performance does not re-render unnecessarily","invocations":1,"location":null,"numPassingAsserts":1,"retryReasons":[],"status":"passed","title":"does not re-render unnecessarily"},{"ancestorTitles":["Text","Use Cases"],"duration":1,"failureDetails":[],"failureMessages":[],"fullName":"Text Use Cases works for body text","invocations":1,"location":null,"numPassingAsserts":1,"retryReasons":[],"status":"passed","title":"works for body text"},{"ancestorTitles":["Text","Use Cases"],"duration":0,"failureDetails":[],"failureMessages":[],"fullName":"Text Use Cases works for captions and small text","invocations":1,"location":null,"numPassingAsserts":2,"retryReasons":[],"status":"passed","title":"works for captions and small text"},{"ancestorTitles":["Text","Use Cases"],"duration":1,"failureDetails":[],"failureMessages":[],"fullName":"Text Use Cases works for error messages","invocations":1,"location":null,"numPassingAsserts":1,"retryReasons":[],"status":"passed","title":"works for error messages"},{"ancestorTitles":["Text","Use Cases"],"duration":1,"failureDetails":[],"failureMessages":[],"fullName":"Text Use Cases works for success messages","invocations":1,"location":null,"numPassingAsserts":1,"retryReasons":[],"status":"passed","title":"works for success messages"}],"endTime":1751860293016,"message":"","name":"/Users/abhay/Documents/workspace/next-js/next-saas/packages/ui/src/atoms/typography/Text.test.tsx","startTime":1751860291521,"status":"passed","summary":""},{"assertionResults":[{"ancestorTitles":["Avatar","Rendering"],"duration":32,"failureDetails":[],"failureMessages":[],"fullName":"Avatar Rendering renders with default props","invocations":1,"location":null,"numPassingAsserts":1,"retryReasons":[],"status":"passed","title":"renders with default props"},{"ancestorTitles":["Avatar","Rendering"],"duration":9,"failureDetails":[],"failureMessages":[],"fullName":"Avatar Rendering renders as div element","invocations":1,"location":null,"numPassingAsserts":1,"retryReasons":[],"status":"passed","title":"renders as div element"},{"ancestorTitles":["Avatar","Rendering"],"duration":6,"failureDetails":[],"failureMessages":[],"fullName":"Avatar Rendering has proper base classes","invocations":1,"location":null,"numPassingAsserts":1,"retryReasons":[],"status":"passed","title":"has proper base classes"},{"ancestorTitles":["Avatar","Sizes"],"duration":4,"failureDetails":[],"failureMessages":[],"fullName":"Avatar Sizes renders extra small size","invocations":1,"location":null,"numPassingAsserts":1,"retryReasons":[],"status":"passed","title":"renders extra small size"},{"ancestorTitles":["Avatar","Sizes"],"duration":5,"failureDetails":[],"failureMessages":[],"fullName":"Avatar Sizes renders small size","invocations":1,"location":null,"numPassingAsserts":1,"retryReasons":[],"status":"passed","title":"renders small size"},{"ancestorTitles":["Avatar","Sizes"],"duration":6,"failureDetails":[],"failureMessages":[],"fullName":"Avatar Sizes renders default size by default","invocations":1,"location":null,"numPassingAsserts":1,"retryReasons":[],"status":"passed","title":"renders default size by default"},{"ancestorTitles":["Avatar","Sizes"],"duration":7,"failureDetails":[],"failureMessages":[],"fullName":"Avatar Sizes renders large size","invocations":1,"location":null,"numPassingAsserts":1,"retryReasons":[],"status":"passed","title":"renders large size"},{"ancestorTitles":["Avatar","Sizes"],"duration":3,"failureDetails":[],"failureMessages":[],"fullName":"Avatar Sizes renders extra large size","invocations":1,"location":null,"numPassingAsserts":1,"retryReasons":[],"status":"passed","title":"renders extra large size"},{"ancestorTitles":["Avatar","Sizes"],"duration":2,"failureDetails":[],"failureMessages":[],"fullName":"Avatar Sizes renders 2xl size","invocations":1,"location":null,"numPassingAsserts":1,"retryReasons":[],"status":"passed","title":"renders 2xl size"},{"ancestorTitles":["Avatar","Custom Styling"],"duration":14,"failureDetails":[],"failureMessages":[],"fullName":"Avatar Custom Styling applies custom className","invocations":1,"location":null,"numPassingAsserts":1,"retryReasons":[],"status":"passed","title":"applies custom className"},{"ancestorTitles":["Avatar","Custom Styling"],"duration":73,"failureDetails":[],"failureMessages":[],"fullName":"Avatar Custom Styling applies custom styles","invocations":1,"location":null,"numPassingAsserts":1,"retryReasons":[],"status":"passed","title":"applies custom styles"},{"ancestorTitles":["Avatar","Accessibility"],"duration":50,"failureDetails":[],"failureMessages":[],"fullName":"Avatar Accessibility has no accessibility violations","invocations":1,"location":null,"numPassingAsserts":1,"retryReasons":[],"status":"passed","title":"has no accessibility violations"},{"ancestorTitles":["Avatar","Accessibility"],"duration":6,"failureDetails":[],"failureMessages":[],"fullName":"Avatar Accessibility supports custom ARIA attributes","invocations":1,"location":null,"numPassingAsserts":1,"retryReasons":[],"status":"passed","title":"supports custom ARIA attributes"},{"ancestorTitles":["Avatar","Interactive States"],"duration":4,"failureDetails":[],"failureMessages":[],"fullName":"Avatar Interactive States supports onClick handler","invocations":1,"location":null,"numPassingAsserts":1,"retryReasons":[],"status":"passed","title":"supports onClick handler"},{"ancestorTitles":["Avatar","Interactive States"],"duration":6,"failureDetails":[],"failureMessages":[],"fullName":"Avatar Interactive States supports onMouseEnter events","invocations":1,"location":null,"numPassingAsserts":1,"retryReasons":[],"status":"passed","title":"supports onMouseEnter events"},{"ancestorTitles":["Avatar","Edge Cases"],"duration":3,"failureDetails":[],"failureMessages":[],"fullName":"Avatar Edge Cases handles additional HTML attributes","invocations":1,"location":null,"numPassingAsserts":2,"retryReasons":[],"status":"passed","title":"handles additional HTML attributes"},{"ancestorTitles":["AvatarImage","Rendering"],"duration":14,"failureDetails":[],"failureMessages":[],"fullName":"AvatarImage Rendering renders with src prop","invocations":1,"location":null,"numPassingAsserts":2,"retryReasons":[],"status":"passed","title":"renders with src prop"},{"ancestorTitles":["AvatarImage","Rendering"],"duration":2,"failureDetails":[],"failureMessages":[],"fullName":"AvatarImage Rendering has proper base classes","invocations":1,"location":null,"numPassingAsserts":1,"retryReasons":[],"status":"passed","title":"has proper base classes"},{"ancestorTitles":["AvatarImage","Rendering"],"duration":1,"failureDetails":[],"failureMessages":[],"fullName":"AvatarImage Rendering applies custom className","invocations":1,"location":null,"numPassingAsserts":1,"retryReasons":[],"status":"passed","title":"applies custom className"},{"ancestorTitles":["AvatarImage","Accessibility"],"duration":55,"failureDetails":[],"failureMessages":[],"fullName":"AvatarImage Accessibility has no accessibility violations","invocations":1,"location":null,"numPassingAsserts":1,"retryReasons":[],"status":"passed","title":"has no accessibility violations"},{"ancestorTitles":["AvatarImage","Accessibility"],"duration":8,"failureDetails":[],"failureMessages":[],"fullName":"AvatarImage Accessibility supports alt text for accessibility","invocations":1,"location":null,"numPassingAsserts":1,"retryReasons":[],"status":"passed","title":"supports alt text for accessibility"},{"ancestorTitles":["AvatarImage","Image Events"],"duration":4,"failureDetails":[],"failureMessages":[],"fullName":"AvatarImage Image Events handles onLoad events","invocations":1,"location":null,"numPassingAsserts":1,"retryReasons":[],"status":"passed","title":"handles onLoad events"},{"ancestorTitles":["AvatarImage","Image Events"],"duration":2,"failureDetails":[],"failureMessages":[],"fullName":"AvatarImage Image Events handles onError events","invocations":1,"location":null,"numPassingAsserts":1,"retryReasons":[],"status":"passed","title":"handles onError events"},{"ancestorTitles":["AvatarFallback","Rendering"],"duration":2,"failureDetails":[],"failureMessages":[],"fullName":"AvatarFallback Rendering renders with text content","invocations":1,"location":null,"numPassingAsserts":1,"retryReasons":[],"status":"passed","title":"renders with text content"},{"ancestorTitles":["AvatarFallback","Rendering"],"duration":1,"failureDetails":[],"failureMessages":[],"fullName":"AvatarFallback Rendering has proper base classes","invocations":1,"location":null,"numPassingAsserts":1,"retryReasons":[],"status":"passed","title":"has proper base classes"},{"ancestorTitles":["AvatarFallback","Rendering"],"duration":2,"failureDetails":[],"failureMessages":[],"fullName":"AvatarFallback Rendering applies custom className","invocations":1,"location":null,"numPassingAsserts":1,"retryReasons":[],"status":"passed","title":"applies custom className"},{"ancestorTitles":["AvatarFallback","Content Types"],"duration":6,"failureDetails":[],"failureMessages":[],"fullName":"AvatarFallback Content Types renders text initials","invocations":1,"location":null,"numPassingAsserts":1,"retryReasons":[],"status":"passed","title":"renders text initials"},{"ancestorTitles":["AvatarFallback","Content Types"],"duration":1,"failureDetails":[],"failureMessages":[],"fullName":"AvatarFallback Content Types renders single character","invocations":1,"location":null,"numPassingAsserts":1,"retryReasons":[],"status":"passed","title":"renders single character"},{"ancestorTitles":["AvatarFallback","Content Types"],"duration":12,"failureDetails":[],"failureMessages":[],"fullName":"AvatarFallback Content Types renders React elements","invocations":1,"location":null,"numPassingAsserts":2,"retryReasons":[],"status":"passed","title":"renders React elements"},{"ancestorTitles":["AvatarFallback","Accessibility"],"duration":23,"failureDetails":[],"failureMessages":[],"fullName":"AvatarFallback Accessibility has no accessibility violations","invocations":1,"location":null,"numPassingAsserts":1,"retryReasons":[],"status":"passed","title":"has no accessibility violations"},{"ancestorTitles":["AvatarFallback","Accessibility"],"duration":2,"failureDetails":[],"failureMessages":[],"fullName":"AvatarFallback Accessibility supports ARIA attributes","invocations":1,"location":null,"numPassingAsserts":1,"retryReasons":[],"status":"passed","title":"supports ARIA attributes"},{"ancestorTitles":["Avatar Composition"],"duration":6,"failureDetails":[],"failureMessages":[],"fullName":"Avatar Composition renders Avatar with AvatarImage","invocations":1,"location":null,"numPassingAsserts":3,"retryReasons":[],"status":"passed","title":"renders Avatar with AvatarImage"},{"ancestorTitles":["Avatar Composition"],"duration":3,"failureDetails":[],"failureMessages":[],"fullName":"Avatar Composition renders Avatar with AvatarFallback","invocations":1,"location":null,"numPassingAsserts":3,"retryReasons":[],"status":"passed","title":"renders Avatar with AvatarFallback"},{"ancestorTitles":["Avatar Composition"],"duration":6,"failureDetails":[],"failureMessages":[],"fullName":"Avatar Composition renders Avatar with both Image and Fallback","invocations":1,"location":null,"numPassingAsserts":3,"retryReasons":[],"status":"passed","title":"renders Avatar with both Image and Fallback"}],"endTime":1751860293018,"message":"","name":"/Users/abhay/Documents/workspace/next-js/next-saas/packages/ui/src/atoms/avatars/Avatar.test.tsx","startTime":1751860291520,"status":"passed","summary":""},{"assertionResults":[{"ancestorTitles":["Button Component","Rendering"],"duration":131,"failureDetails":[],"failureMessages":[],"fullName":"Button Component Rendering renders with children","invocations":1,"location":null,"numPassingAsserts":1,"retryReasons":[],"status":"passed","title":"renders with children"},{"ancestorTitles":["Button Component","Rendering"],"duration":null,"failureDetails":[],"failureMessages":[],"fullName":"Button Component Rendering renders as a different element when asChild is true","invocations":1,"location":null,"numPassingAsserts":0,"retryReasons":[],"status":"pending","title":"renders as a different element when asChild is true"},{"ancestorTitles":["Button Component","Rendering"],"duration":29,"failureDetails":[],"failureMessages":[],"fullName":"Button Component Rendering applies custom className","invocations":1,"location":null,"numPassingAsserts":1,"retryReasons":[],"status":"passed","title":"applies custom className"},{"ancestorTitles":["Button Component","Variants"],"duration":18,"failureDetails":[],"failureMessages":[],"fullName":"Button Component Variants renders default variant correctly","invocations":1,"location":null,"numPassingAsserts":2,"retryReasons":[],"status":"passed","title":"renders default variant correctly"},{"ancestorTitles":["Button Component","Variants"],"duration":15,"failureDetails":[],"failureMessages":[],"fullName":"Button Component Variants renders secondary variant correctly","invocations":1,"location":null,"numPassingAsserts":2,"retryReasons":[],"status":"passed","title":"renders secondary variant correctly"},{"ancestorTitles":["Button Component","Variants"],"duration":21,"failureDetails":[],"failureMessages":[],"fullName":"Button Component Variants renders outline variant correctly","invocations":1,"location":null,"numPassingAsserts":2,"retryReasons":[],"status":"passed","title":"renders outline variant correctly"},{"ancestorTitles":["Button Component","Variants"],"duration":12,"failureDetails":[],"failureMessages":[],"fullName":"Button Component Variants renders ghost variant correctly","invocations":1,"location":null,"numPassingAsserts":2,"retryReasons":[],"status":"passed","title":"renders ghost variant correctly"},{"ancestorTitles":["Button Component","Variants"],"duration":9,"failureDetails":[],"failureMessages":[],"fullName":"Button Component Variants renders link variant correctly","invocations":1,"location":null,"numPassingAsserts":2,"retryReasons":[],"status":"passed","title":"renders link variant correctly"},{"ancestorTitles":["Button Component","Variants"],"duration":11,"failureDetails":[],"failureMessages":[],"fullName":"Button Component Variants renders destructive variant correctly","invocations":1,"location":null,"numPassingAsserts":2,"retryReasons":[],"status":"passed","title":"renders destructive variant correctly"},{"ancestorTitles":["Button Component","Variants"],"duration":7,"failureDetails":[],"failureMessages":[],"fullName":"Button Component Variants renders success variant correctly","invocations":1,"location":null,"numPassingAsserts":2,"retryReasons":[],"status":"passed","title":"renders success variant correctly"},{"ancestorTitles":["Button Component","Sizes"],"duration":7,"failureDetails":[],"failureMessages":[],"fullName":"Button Component Sizes renders sm size correctly","invocations":1,"location":null,"numPassingAsserts":1,"retryReasons":[],"status":"passed","title":"renders sm size correctly"},{"ancestorTitles":["Button Component","Sizes"],"duration":10,"failureDetails":[],"failureMessages":[],"fullName":"Button Component Sizes renders default size correctly","invocations":1,"location":null,"numPassingAsserts":1,"retryReasons":[],"status":"passed","title":"renders default size correctly"},{"ancestorTitles":["Button Component","Sizes"],"duration":11,"failureDetails":[],"failureMessages":[],"fullName":"Button Component Sizes renders lg size correctly","invocations":1,"location":null,"numPassingAsserts":1,"retryReasons":[],"status":"passed","title":"renders lg size correctly"},{"ancestorTitles":["Button Component","Sizes"],"duration":9,"failureDetails":[],"failureMessages":[],"fullName":"Button Component Sizes renders xl size correctly","invocations":1,"location":null,"numPassingAsserts":1,"retryReasons":[],"status":"passed","title":"renders xl size correctly"},{"ancestorTitles":["Button Component","Sizes"],"duration":7,"failureDetails":[],"failureMessages":[],"fullName":"Button Component Sizes renders icon size correctly","invocations":1,"location":null,"numPassingAsserts":1,"retryReasons":[],"status":"passed","title":"renders icon size correctly"},{"ancestorTitles":["Button Component","States"],"duration":5,"failureDetails":[],"failureMessages":[],"fullName":"Button Component States is disabled when disabled prop is true","invocations":1,"location":null,"numPassingAsserts":1,"retryReasons":[],"status":"passed","title":"is disabled when disabled prop is true"},{"ancestorTitles":["Button Component","States"],"duration":6,"failureDetails":[],"failureMessages":[],"fullName":"Button Component States shows loading state","invocations":1,"location":null,"numPassingAsserts":3,"retryReasons":[],"status":"passed","title":"shows loading state"},{"ancestorTitles":["Button Component","States"],"duration":4,"failureDetails":[],"failureMessages":[],"fullName":"Button Component States is disabled when loading","invocations":1,"location":null,"numPassingAsserts":1,"retryReasons":[],"status":"passed","title":"is disabled when loading"},{"ancestorTitles":["Button Component","Icons"],"duration":8,"failureDetails":[],"failureMessages":[],"fullName":"Button Component Icons renders with left icon","invocations":1,"location":null,"numPassingAsserts":2,"retryReasons":[],"status":"passed","title":"renders with left icon"},{"ancestorTitles":["Button Component","Icons"],"duration":15,"failureDetails":[],"failureMessages":[],"fullName":"Button Component Icons renders with right icon","invocations":1,"location":null,"numPassingAsserts":2,"retryReasons":[],"status":"passed","title":"renders with right icon"},{"ancestorTitles":["Button Component","Icons"],"duration":4,"failureDetails":[],"failureMessages":[],"fullName":"Button Component Icons does not show icons when loading","invocations":1,"location":null,"numPassingAsserts":1,"retryReasons":[],"status":"passed","title":"does not show icons when loading"},{"ancestorTitles":["Button Component","Interactions"],"duration":7,"failureDetails":[],"failureMessages":[],"fullName":"Button Component Interactions handles click events","invocations":1,"location":null,"numPassingAsserts":1,"retryReasons":[],"status":"passed","title":"handles click events"},{"ancestorTitles":["Button Component","Interactions"],"duration":5,"failureDetails":[],"failureMessages":[],"fullName":"Button Component Interactions does not trigger click when disabled","invocations":1,"location":null,"numPassingAsserts":1,"retryReasons":[],"status":"passed","title":"does not trigger click when disabled"},{"ancestorTitles":["Button Component","Interactions"],"duration":5,"failureDetails":[],"failureMessages":[],"fullName":"Button Component Interactions does not trigger click when loading","invocations":1,"location":null,"numPassingAsserts":1,"retryReasons":[],"status":"passed","title":"does not trigger click when loading"},{"ancestorTitles":["Button Component","Accessibility"],"duration":44,"failureDetails":[],"failureMessages":[],"fullName":"Button Component Accessibility has no accessibility violations","invocations":1,"location":null,"numPassingAsserts":1,"retryReasons":[],"status":"passed","title":"has no accessibility violations"},{"ancestorTitles":["Button Component","Accessibility"],"duration":4,"failureDetails":[],"failureMessages":[],"fullName":"Button Component Accessibility supports keyboard navigation","invocations":1,"location":null,"numPassingAsserts":2,"retryReasons":[],"status":"passed","title":"supports keyboard navigation"},{"ancestorTitles":["Button Component","Accessibility"],"duration":6,"failureDetails":[],"failureMessages":[],"fullName":"Button Component Accessibility is properly disabled when loading","invocations":1,"location":null,"numPassingAsserts":2,"retryReasons":[],"status":"passed","title":"is properly disabled when loading"},{"ancestorTitles":["Button Component","Forwarded Ref"],"duration":3,"failureDetails":[],"failureMessages":[],"fullName":"Button Component Forwarded Ref forwards ref correctly","invocations":1,"location":null,"numPassingAsserts":1,"retryReasons":[],"status":"passed","title":"forwards ref correctly"}],"endTime":1751860293043,"message":"","name":"/Users/abhay/Documents/workspace/next-js/next-saas/packages/ui/src/atoms/buttons/Button.test.tsx","startTime":1751860291549,"status":"focused","summary":""},{"assertionResults":[{"ancestorTitles":["Icon","Rendering"],"duration":40,"failureDetails":[],"failureMessages":[],"fullName":"Icon Rendering renders with default props","invocations":1,"location":null,"numPassingAsserts":1,"retryReasons":[],"status":"passed","title":"renders with default props"},{"ancestorTitles":["Icon","Rendering"],"duration":10,"failureDetails":[],"failureMessages":[],"fullName":"Icon Rendering renders as svg element","invocations":1,"location":null,"numPassingAsserts":1,"retryReasons":[],"status":"passed","title":"renders as svg element"},{"ancestorTitles":["Icon","Rendering"],"duration":18,"failureDetails":[],"failureMessages":[],"fullName":"Icon Rendering renders with Lucide icon component","invocations":1,"location":null,"numPassingAsserts":1,"retryReasons":[],"status":"passed","title":"renders with Lucide icon component"},{"ancestorTitles":["Icon","Sizes"],"duration":10,"failureDetails":[],"failureMessages":[],"fullName":"Icon Sizes renders extra small size","invocations":1,"location":null,"numPassingAsserts":1,"retryReasons":[],"status":"passed","title":"renders extra small size"},{"ancestorTitles":["Icon","Sizes"],"duration":6,"failureDetails":[],"failureMessages":[],"fullName":"Icon Sizes renders small size","invocations":1,"location":null,"numPassingAsserts":1,"retryReasons":[],"status":"passed","title":"renders small size"},{"ancestorTitles":["Icon","Sizes"],"duration":8,"failureDetails":[],"failureMessages":[],"fullName":"Icon Sizes renders medium size by default","invocations":1,"location":null,"numPassingAsserts":1,"retryReasons":[],"status":"passed","title":"renders medium size by default"},{"ancestorTitles":["Icon","Sizes"],"duration":4,"failureDetails":[],"failureMessages":[],"fullName":"Icon Sizes renders large size","invocations":1,"location":null,"numPassingAsserts":1,"retryReasons":[],"status":"passed","title":"renders large size"},{"ancestorTitles":["Icon","Sizes"],"duration":42,"failureDetails":[],"failureMessages":[],"fullName":"Icon Sizes renders extra large size","invocations":1,"location":null,"numPassingAsserts":1,"retryReasons":[],"status":"passed","title":"renders extra large size"},{"ancestorTitles":["Icon","Variants"],"duration":16,"failureDetails":[],"failureMessages":[],"fullName":"Icon Variants renders with default variant"
[...]
d"],"duration":17,"failureDetails":[],"failureMessages":[],"fullName":"Switch Controlled vs Uncontrolled works as uncontrolled component","invocations":1,"location":null,"numPassingAsserts":2,"retryReasons":[],"status":"passed","title":"works as uncontrolled component"},{"ancestorTitles":["Switch","Controlled vs Uncontrolled"],"duration":12,"failureDetails":[],"failureMessages":[],"fullName":"Switch Controlled vs Uncontrolled works as controlled component","invocations":1,"location":null,"numPassingAsserts":3,"retryReasons":[],"status":"passed","title":"works as controlled component"},{"ancestorTitles":["Switch","Controlled vs Uncontrolled"],"duration":5,"failureDetails":[],"failureMessages":[],"fullName":"Switch Controlled vs Uncontrolled controlled checked prop overrides internal state","invocations":1,"location":null,"numPassingAsserts":1,"retryReasons":[],"status":"passed","title":"controlled checked prop overrides internal state"},{"ancestorTitles":["Switch","Keyboard Navigation"],"duration":16,"failureDetails":[],"failureMessages":[],"fullName":"Switch Keyboard Navigation supports keyboard interaction","invocations":1,"location":null,"numPassingAsserts":3,"retryReasons":[],"status":"passed","title":"supports keyboard interaction"},{"ancestorTitles":["Switch","Accessibility"],"duration":40,"failureDetails":[],"failureMessages":[],"fullName":"Switch Accessibility has no accessibility violations","invocations":1,"location":null,"numPassingAsserts":1,"retryReasons":[],"status":"passed","title":"has no accessibility violations"},{"ancestorTitles":["Switch","Accessibility"],"duration":2,"failureDetails":[],"failureMessages":[],"fullName":"Switch Accessibility has proper focus styles","invocations":1,"location":null,"numPassingAsserts":1,"retryReasons":[],"status":"passed","title":"has proper focus styles"},{"ancestorTitles":["Switch","Accessibility"],"duration":4,"failureDetails":[],"failureMessages":[],"fullName":"Switch Accessibility supports aria-label","invocations":1,"location":null,"numPassingAsserts":1,"retryReasons":[],"status":"passed","title":"supports aria-label"},{"ancestorTitles":["Switch","Accessibility"],"duration":4,"failureDetails":[],"failureMessages":[],"fullName":"Switch Accessibility supports aria-labelledby","invocations":1,"location":null,"numPassingAsserts":1,"retryReasons":[],"status":"passed","title":"supports aria-labelledby"},{"ancestorTitles":["Switch","Accessibility"],"duration":4,"failureDetails":[],"failureMessages":[],"fullName":"Switch Accessibility supports aria-describedby","invocations":1,"location":null,"numPassingAsserts":1,"retryReasons":[],"status":"passed","title":"supports aria-describedby"},{"ancestorTitles":["Switch","Custom Styling"],"duration":1,"failureDetails":[],"failureMessages":[],"fullName":"Switch Custom Styling applies custom className to switch track","invocations":1,"location":null,"numPassingAsserts":1,"retryReasons":[],"status":"passed","title":"applies custom className to switch track"},{"ancestorTitles":["Switch","Custom Styling"],"duration":5,"failureDetails":[],"failureMessages":[],"fullName":"Switch Custom Styling applies custom styles","invocations":1,"location":null,"numPassingAsserts":1,"retryReasons":[],"status":"passed","title":"applies custom styles"},{"ancestorTitles":["Switch","Form Integration"],"duration":5,"failureDetails":[],"failureMessages":[],"fullName":"Switch Form Integration works with forms","invocations":1,"location":null,"numPassingAsserts":2,"retryReasons":[],"status":"passed","title":"works with forms"},{"ancestorTitles":["Switch","Form Integration"],"duration":3,"failureDetails":[],"failureMessages":[],"fullName":"Switch Form Integration supports required attribute","invocations":1,"location":null,"numPassingAsserts":1,"retryReasons":[],"status":"passed","title":"supports required attribute"},{"ancestorTitles":["Switch","Edge Cases"],"duration":31,"failureDetails":[],"failureMessages":[],"fullName":"Switch Edge Cases handles rapid toggling","invocations":1,"location":null,"numPassingAsserts":2,"retryReasons":[],"status":"passed","title":"handles rapid toggling"},{"ancestorTitles":["Switch","Edge Cases"],"duration":13,"failureDetails":[],"failureMessages":[],"fullName":"Switch Edge Cases handles undefined onCheckedChange gracefully","invocations":1,"location":null,"numPassingAsserts":1,"retryReasons":[],"status":"passed","title":"handles undefined onCheckedChange gracefully"},{"ancestorTitles":["Switch","Visual States"],"duration":3,"failureDetails":[],"failureMessages":[],"fullName":"Switch Visual States thumb translates correctly for different sizes","invocations":1,"location":null,"numPassingAsserts":3,"retryReasons":[],"status":"passed","title":"thumb translates correctly for different sizes"}],"endTime":1751860293246,"message":"","name":"/Users/abhay/Documents/workspace/next-js/next-saas/packages/ui/src/atoms/toggles/Switch.test.tsx","startTime":1751860291533,"status":"passed","summary":""},{"assertionResults":[{"ancestorTitles":["Input Component","Rendering"],"duration":43,"failureDetails":[],"failureMessages":[],"fullName":"Input Component Rendering renders correctly","invocations":1,"location":null,"numPassingAsserts":1,"retryReasons":[],"status":"passed","title":"renders correctly"},{"ancestorTitles":["Input Component","Rendering"],"duration":63,"failureDetails":[],"failureMessages":[],"fullName":"Input Component Rendering applies custom className","invocations":1,"location":null,"numPassingAsserts":1,"retryReasons":[],"status":"passed","title":"applies custom className"},{"ancestorTitles":["Input Component","Rendering"],"duration":13,"failureDetails":[],"failureMessages":[],"fullName":"Input Component Rendering can be used with external label","invocations":1,"location":null,"numPassingAsserts":2,"retryReasons":[],"status":"passed","title":"can be used with external label"},{"ancestorTitles":["Input Component","Rendering"],"duration":7,"failureDetails":[],"failureMessages":[],"fullName":"Input Component Rendering can be used with external helper text","invocations":1,"location":null,"numPassingAsserts":1,"retryReasons":[],"status":"passed","title":"can be used with external helper text"},{"ancestorTitles":["Input Component","Sizes"],"duration":17,"failureDetails":[],"failureMessages":[],"fullName":"Input Component Sizes renders sm size correctly","invocations":1,"location":null,"numPassingAsserts":1,"retryReasons":[],"status":"passed","title":"renders sm size correctly"},{"ancestorTitles":["Input Component","Sizes"],"duration":9,"failureDetails":[],"failureMessages":[],"fullName":"Input Component Sizes renders default size correctly","invocations":1,"location":null,"numPassingAsserts":1,"retryReasons":[],"status":"passed","title":"renders default size correctly"},{"ancestorTitles":["Input Component","Sizes"],"duration":8,"failureDetails":[],"failureMessages":[],"fullName":"Input Component Sizes renders lg size correctly","invocations":1,"location":null,"numPassingAsserts":1,"retryReasons":[],"status":"passed","title":"renders lg size correctly"},{"ancestorTitles":["Input Component","States"],"duration":6,"failureDetails":[],"failureMessages":[],"fullName":"Input Component States shows error state","invocations":1,"location":null,"numPassingAsserts":1,"retryReasons":[],"status":"passed","title":"shows error state"},{"ancestorTitles":["Input Component","States"],"duration":5,"failureDetails":[],"failureMessages":[],"fullName":"Input Component States is disabled when disabled prop is true","invocations":1,"location":null,"numPassingAsserts":1,"retryReasons":[],"status":"passed","title":"is disabled when disabled prop is true"},{"ancestorTitles":["Input Component","States"],"duration":8,"failureDetails":[],"failureMessages":[],"fullName":"Input Component States is required when required prop is true","invocations":1,"location":null,"numPassingAsserts":1,"retryReasons":[],"status":"passed","title":"is required when required prop is true"},{"ancestorTitles":["Input Component","States"],"duration":8,"failureDetails":[],"failureMessages":[],"fullName":"Input Component States is readonly when readOnly prop is true","invocations":1,"location":null,"numPassingAsserts":1,"retryReasons":[],"status":"passed","title":"is readonly when readOnly prop is true"},{"ancestorTitles":["Input Component","Icons"],"duration":5,"failureDetails":[],"failureMessages":[],"fullName":"Input Component Icons renders with left icon","invocations":1,"location":null,"numPassingAsserts":1,"retryReasons":[],"status":"passed","title":"renders with left icon"},{"ancestorTitles":["Input Component","Icons"],"duration":4,"failureDetails":[],"failureMessages":[],"fullName":"Input Component Icons renders with right icon","invocations":1,"location":null,"numPassingAsserts":1,"retryReasons":[],"status":"passed","title":"renders with right icon"},{"ancestorTitles":["Input Component","Icons"],"duration":3,"failureDetails":[],"failureMessages":[],"fullName":"Input Component Icons renders with both icons","invocations":1,"location":null,"numPassingAsserts":1,"retryReasons":[],"status":"passed","title":"renders with both icons"},{"ancestorTitles":["Input Component","Input Types"],"duration":3,"failureDetails":[],"failureMessages":[],"fullName":"Input Component Input Types renders text input correctly","invocations":1,"location":null,"numPassingAsserts":1,"retryReasons":[],"status":"passed","title":"renders text input correctly"},{"ancestorTitles":["Input Component","Input Types"],"duration":3,"failureDetails":[],"failureMessages":[],"fullName":"Input Component Input Types renders email input correctly","invocations":1,"location":null,"numPassingAsserts":1,"retryReasons":[],"status":"passed","title":"renders email input correctly"},{"ancestorTitles":["Input Component","Input Types"],"duration":3,"failureDetails":[],"failureMessages":[],"fullName":"Input Component Input Types renders password input correctly","invocations":1,"location":null,"numPassingAsserts":1,"retryReasons":[],"status":"passed","title":"renders password input correctly"},{"ancestorTitles":["Input Component","Input Types"],"duration":1,"failureDetails":[],"failureMessages":[],"fullName":"Input Component Input Types renders number input correctly","invocations":1,"location":null,"numPassingAsserts":1,"retryReasons":[],"status":"passed","title":"renders number input correctly"},{"ancestorTitles":["Input Component","Input Types"],"duration":2,"failureDetails":[],"failureMessages":[],"fullName":"Input Component Input Types renders tel input correctly","invocations":1,"location":null,"numPassingAsserts":1,"retryReasons":[],"status":"passed","title":"renders tel input correctly"},{"ancestorTitles":["Input Component","Input Types"],"duration":1,"failureDetails":[],"failureMessages":[],"fullName":"Input Component Input Types renders url input correctly","invocations":1,"location":null,"numPassingAsserts":1,"retryReasons":[],"status":"passed","title":"renders url input correctly"},{"ancestorTitles":["Input Component","Interactions"],"duration":6,"failureDetails":[],"failureMessages":[],"fullName":"Input Component Interactions handles onChange events","invocations":1,"location":null,"numPassingAsserts":2,"retryReasons":[],"status":"passed","title":"handles onChange events"},{"ancestorTitles":["Input Component","Interactions"],"duration":3,"failureDetails":[],"failureMessages":[],"fullName":"Input Component Interactions handles onFocus events","invocations":1,"location":null,"numPassingAsserts":1,"retryReasons":[],"status":"passed","title":"handles onFocus events"},{"ancestorTitles":["Input Component","Interactions"],"duration":4,"failureDetails":[],"failureMessages":[],"fullName":"Input Component Interactions handles onBlur events","invocations":1,"location":null,"numPassingAsserts":1,"retryReasons":[],"status":"passed","title":"handles onBlur events"},{"ancestorTitles":["Input Component","Interactions"],"duration":11,"failureDetails":[{"matcherResult":{"message":"expect(jest.fn()).not.toHaveBeenCalled()\n\nExpected number of calls: 0\nReceived number of calls: 1\n\n1: {\"_reactName\": \"onChange\", \"_targetInst\": null, \"bubbles\": true, \"cancelable\": false, \"currentTarget\": null, \"defaultPrevented\": false, \"eventPhase\": 3, \"isDefaultPrevented\": [Function functionThatReturnsFalse], \"isPropagationStopped\": [Function functionThatReturnsFalse], \"isTrusted\": false, \"nativeEvent\": {\"isTrusted\": false}, \"target\": <input class=\"flex w-full rounded-md border px-3 py-2 text-sm ring-offset-background file:border-0 file:bg-transparent file:text-sm file:font-medium placeholder:text-neutral-500 focus-visible:outline-none focus-visible:ring-2 focus-visible:ring-ring focus-visible:ring-offset-2 disabled:cursor-not-allowed disabled:opacity-50 transition-colors duration-200 border-neutral-300 bg-white focus:border-primary-500 h-10\" disabled=\"\" />, \"timeStamp\": 1751860293165, \"type\": \"change\"}","pass":true}}],"failureMessages":["Error: expect(jest.fn()).not.toHaveBeenCalled()\n\nExpected number of calls: 0\nReceived number of calls: 1\n\n1: {\"_reactName\": \"onChange\", \"_targetInst\": null, \"bubbles\": true, \"cancelable\": false, \"currentTarget\": null, \"defaultPrevented\": false, \"eventPhase\": 3, \"isDefaultPrevented\": [Function functionThatReturnsFalse], \"isPropagationStopped\": [Function functionThatReturnsFalse], \"isTrusted\": false, \"nativeEvent\": {\"isTrusted\": false}, \"target\": <input class=\"flex w-full rounded-md border px-3 py-2 text-sm ring-offset-background file:border-0 file:bg-transparent file:text-sm file:font-medium placeholder:text-neutral-500 focus-visible:outline-none focus-visible:ring-2 focus-visible:ring-ring focus-visible:ring-offset-2 disabled:cursor-not-allowed disabled:opacity-50 transition-colors duration-200 border-neutral-300 bg-white focus:border-primary-500 h-10\" disabled=\"\" />, \"timeStamp\": 1751860293165, \"type\": \"change\"}\n    at Object.<anonymous> (/Users/abhay/Documents/workspace/next-js/next-saas/packages/ui/src/atoms/inputs/Input.test.tsx:141:32)\n    at Promise.then.completed (/Users/abhay/Documents/workspace/next-js/next-saas/node_modules/jest-circus/build/utils.js:298:28)\n    at new Promise (<anonymous>)\n    at callAsyncCircusFn (/Users/abhay/Documents/workspace/next-js/next-saas/node_modules/jest-circus/build/utils.js:231:10)\n    at _callCircusTest (/Users/abhay/Documents/workspace/next-js/next-saas/node_modules/jest-circus/build/run.js:316:40)\n    at processTicksAndRejections (node:internal/process/task_queues:95:5)\n    at _runTest (/Users/abhay/Documents/workspace/next-js/next-saas/node_modules/jest-circus/build/run.js:252:3)\n    at _runTestsForDescribeBlock (/Users/abhay/Documents/workspace/next-js/next-saas/node_modules/jest-circus/build/run.js:126:9)\n    at _runTestsForDescribeBlock (/Users/abhay/Documents/workspace/next-js/next-saas/node_modules/jest-circus/build/run.js:121:9)\n    at _runTestsForDescribeBlock (/Users/abhay/Documents/workspace/next-js/next-saas/node_modules/jest-circus/build/run.js:121:9)\n    at run (/Users/abhay/Documents/workspace/next-js/next-saas/node_modules/jest-circus/build/run.js:71:3)\n    at runAndTransformResultsToJestFormat (/Users/abhay/Documents/workspace/next-js/next-saas/node_modules/jest-circus/build/legacy-code-todo-rewrite/jestAdapterInit.js:122:21)\n    at jestAdapter (/Users/abhay/Documents/workspace/next-js/next-saas/node_modules/jest-circus/build/legacy-code-todo-rewrite/jestAdapter.js:79:19)\n    at runTestInternal (/Users/abhay/Documents/workspace/next-js/next-saas/node_modules/jest-runner/build/runTest.js:367:16)\n    at runTest (/Users/abhay/Documents/workspace/next-js/next-saas/node_modules/jest-runner/build/runTest.js:444:34)\n    at Object.worker (/Users/abhay/Documents/workspace/next-js/next-saas/node_modules/jest-runner/build/testWorker.js:106:12)"],"fullName":"Input Component Interactions does not trigger events when disabled","invocations":1,"location":null,"numPassingAsserts":0,"retryReasons":[],"status":"failed","title":"does not trigger events when disabled"},{"ancestorTitles":["Input Component","Controlled vs Uncontrolled"],"duration":6,"failureDetails":[],"failureMessages":[],"fullName":"Input Component Controlled vs Uncontrolled works as controlled component","invocations":1,"location":null,"numPassingAsserts":2,"retryReasons":[],"status":"passed","title":"works as controlled component"},{"ancestorTitles":["Input Component","Controlled vs Uncontrolled"],"duration":2,"failureDetails":[],"failureMessages":[],"fullName":"Input Component Controlled vs Uncontrolled works as uncontrolled component","invocations":1,"location":null,"numPassingAsserts":2,"retryReasons":[],"status":"passed","title":"works as uncontrolled component"},{"ancestorTitles":["Input Component","Accessibility"],"duration":31,"failureDetails":[],"failureMessages":[],"fullName":"Input Component Accessibility has no accessibility violations","invocations":1,"location":null,"numPassingAsserts":1,"retryReasons":[],"status":"passed","title":"has no accessibility violations"},{"ancestorTitles":["Input Component","Accessibility"],"duration":6,"failureDetails":[],"failureMessages":[],"fullName":"Input Component Accessibility associates with external label properly","invocations":1,"location":null,"numPassingAsserts":2,"retryReasons":[],"status":"passed","title":"associates with external label properly"},{"ancestorTitles":["Input Component","Accessibility"],"duration":3,"failureDetails":[],"failureMessages":[],"fullName":"Input Component Accessibility supports ARIA attributes for error state","invocations":1,"location":null,"numPassingAsserts":2,"retryReasons":[],"status":"passed","title":"supports ARIA attributes for error state"},{"ancestorTitles":["Input Component","Accessibility"],"duration":4,"failureDetails":[],"failureMessages":[],"fullName":"Input Component Accessibility supports keyboard navigation","invocations":1,"location":null,"numPassingAsserts":1,"retryReasons":[],"status":"passed","title":"supports keyboard navigation"},{"ancestorTitles":["Input Component","Forwarded Ref"],"duration":1,"failureDetails":[],"failureMessages":[],"fullName":"Input Component Forwarded Ref forwards ref correctly","invocations":1,"location":null,"numPassingAsserts":1,"retryReasons":[],"status":"passed","title":"forwards ref correctly"}],"endTime":1751860293267,"message":"  ● Input Component › Interactions › does not trigger events when disabled\n\n    expect(jest.fn()).not.toHaveBeenCalled()\n\n    Expected number of calls: 0\n    Received number of calls: 1\n\n    1: {\"_reactName\": \"onChange\", \"_targetInst\": null, \"bubbles\": true, \"cancelable\": false, \"currentTarget\": null, \"defaultPrevented\": false, \"eventPhase\": 3, \"isDefaultPrevented\": [Function functionThatReturnsFalse], \"isPropagationStopped\": [Function functionThatReturnsFalse], \"isTrusted\": false, \"nativeEvent\": {\"isTrusted\": false}, \"target\": <input class=\"flex w-full rounded-md border px-3 py-2 text-sm ring-offset-background file:border-0 file:bg-transparent file:text-sm file:font-medium placeholder:text-neutral-500 focus-visible:outline-none focus-visible:ring-2 focus-visible:ring-ring focus-visible:ring-offset-2 disabled:cursor-not-allowed disabled:opacity-50 transition-colors duration-200 border-neutral-300 bg-white focus:border-primary-500 h-10\" disabled=\"\" />, \"timeStamp\": 1751860293165, \"type\": \"change\"}\n\n      139 |       fireEvent.change(input, { target: { value: 'test' } })\n      140 |       \n    > 141 |       expect(handleChange).not.toHaveBeenCalled()\n          |                                ^\n      142 |     })\n      143 |   })\n      144 |\n\n      at Object.<anonymous> (src/atoms/inputs/Input.test.tsx:141:32)\n","name":"/Users/abhay/Documents/workspace/next-js/next-saas/packages/ui/src/atoms/inputs/Input.test.tsx","startTime":1751860291515,"status":"failed","summary":""}],"wasInterrupted":false}
